<?xml version="1.0" encoding="UTF-8"?>
<!-- Generated by org.testng.reporters.JUnitReportReporter -->
<testsuite skipped="0" hostname="DESKTOP-KU23G2B" name="com.capability.qa.testcases.AddQuestionsPageTest" tests="4" failures="0" timestamp="20 Nov 2019 07:11:15 GMT" time="107.064" errors="0">
  <testcase name="selectdd" time="26.921" classname="com.capability.qa.testcases.AddQuestionsPageTest"/>
  <testcase name="selectdd" time="28.226" classname="com.capability.qa.testcases.AddQuestionsPageTest"/>
  <testcase name="selectdd" time="25.918" classname="com.capability.qa.testcases.AddQuestionsPageTest"/>
  <testcase name="selectdd" time="25.999" classname="com.capability.qa.testcases.AddQuestionsPageTest"/>
</testsuite> <!-- com.capability.qa.testcases.AddQuestionsPageTest -->
