<?xml version="1.0" encoding="UTF-8"?>
<!-- Generated by org.testng.reporters.JUnitReportReporter -->
<testsuite skipped="0" hostname="DESKTOP-KU23G2B" name="com.capability.qa.testcases.WelcomePageTest" tests="2" failures="0" timestamp="14 Nov 2019 09:57:10 GMT" time="43.441" errors="0">
  <testcase name="WelcomePageLOGOTextTest" time="23.079" classname="com.capability.qa.testcases.WelcomePageTest"/>
  <testcase name="WelcomePageTitleTest" time="20.362" classname="com.capability.qa.testcases.WelcomePageTest"/>
</testsuite> <!-- com.capability.qa.testcases.WelcomePageTest -->
