<?xml version="1.0" encoding="UTF-8"?>
<!-- Generated by org.testng.reporters.JUnitReportReporter -->
<testsuite skipped="0" hostname="DESKTOP-KU23G2B" name="com.capability.qa.testcases.LoginPageTest" tests="3" failures="0" timestamp="15 Nov 2019 06:46:54 GMT" time="52.277" errors="0">
  <testcase name="LoginPageLOGOTextTest" time="18.130" classname="com.capability.qa.testcases.LoginPageTest"/>
  <testcase name="loginPageTest" time="17.039" classname="com.capability.qa.testcases.LoginPageTest"/>
  <testcase name="loginPageTest" time="17.108" classname="com.capability.qa.testcases.LoginPageTest"/>
</testsuite> <!-- com.capability.qa.testcases.LoginPageTest -->
