<?xml version="1.0" encoding="UTF-8"?>
<!-- Generated by org.testng.reporters.JUnitReportReporter -->
<testsuite skipped="0" hostname="DESKTOP-KU23G2B" name="com.capability.qa.testcases.LoginPageTest" tests="2" failures="0" timestamp="14 Nov 2019 10:32:39 GMT" time="42.493" errors="0">
  <testcase name="LoginPageLOGOTextTest" time="21.272" classname="com.capability.qa.testcases.LoginPageTest"/>
  <testcase name="loginPageTest" time="21.221" classname="com.capability.qa.testcases.LoginPageTest"/>
</testsuite> <!-- com.capability.qa.testcases.LoginPageTest -->
