<?xml version="1.0" encoding="UTF-8"?>
<!-- Generated by org.testng.reporters.JUnitReportReporter -->
<testsuite skipped="0" hostname="DESKTOP-KU23G2B" name="com.capability.qa.testcases.AddQuestionsPageTest" tests="2" failures="0" timestamp="26 Nov 2019 05:25:09 GMT" time="62.652" errors="0">
  <testcase name="addQuestions" time="32.588" classname="com.capability.qa.testcases.AddQuestionsPageTest"/>
  <testcase name="addQuestions" time="30.064" classname="com.capability.qa.testcases.AddQuestionsPageTest"/>
</testsuite> <!-- com.capability.qa.testcases.AddQuestionsPageTest -->
