<?xml version="1.0" encoding="UTF-8"?>
<!-- Generated by org.testng.reporters.JUnitReportReporter -->
<testsuite skipped="0" hostname="DESKTOP-KU23G2B" name="com.capability.qa.testcases.WelcomePageTest" tests="2" failures="0" timestamp="18 Nov 2019 09:24:21 GMT" time="30.358" errors="0">
  <testcase name="WelcomePageTitleTest" time="15.725" classname="com.capability.qa.testcases.WelcomePageTest"/>
  <testcase name="WelcomePageLOGOTextTest" time="14.633" classname="com.capability.qa.testcases.WelcomePageTest"/>
</testsuite> <!-- com.capability.qa.testcases.WelcomePageTest -->
