<?xml version="1.0" encoding="UTF-8"?>
<!-- Generated by org.testng.reporters.JUnitReportReporter -->
<testsuite skipped="0" hostname="DESKTOP-KU23G2B" name="com.capability.qa.testcases.AddQuestionsPageTest" tests="1" failures="0" timestamp="19 Nov 2019 09:18:12 GMT" time="26.086" errors="0">
  <testcase name="selectdd" time="26.086" classname="com.capability.qa.testcases.AddQuestionsPageTest"/>
</testsuite> <!-- com.capability.qa.testcases.AddQuestionsPageTest -->
