<?xml version="1.0" encoding="UTF-8"?>
<!-- Generated by org.testng.reporters.JUnitReportReporter -->
<testsuite skipped="0" hostname="DESKTOP-KU23G2B" name="com.capability.qa.testcases.JavaTopicPageTest" tests="1" failures="0" timestamp="18 Nov 2019 09:24:21 GMT" time="18.233" errors="0">
  <testcase name="javaTopicPageTest" time="18.233" classname="com.capability.qa.testcases.JavaTopicPageTest"/>
</testsuite> <!-- com.capability.qa.testcases.JavaTopicPageTest -->
