<?xml version="1.0" encoding="UTF-8"?>
<!-- Generated by org.testng.reporters.JUnitReportReporter -->
<testsuite skipped="0" hostname="DESKTOP-KU23G2B" name="com.capability.qa.testcases.WelcomePageTest" tests="2" failures="0" timestamp="15 Nov 2019 12:41:32 GMT" time="42.627" errors="0">
  <testcase name="WelcomePageTitleTest" time="23.295" classname="com.capability.qa.testcases.WelcomePageTest"/>
  <testcase name="WelcomePageLOGOTextTest" time="19.332" classname="com.capability.qa.testcases.WelcomePageTest"/>
</testsuite> <!-- com.capability.qa.testcases.WelcomePageTest -->
