<?xml version="1.0" encoding="UTF-8"?>
<!-- Generated by org.testng.reporters.JUnitReportReporter -->
<testsuite skipped="0" hostname="DESKTOP-KU23G2B" name="com.capability.qa.testcases.Dev2TopicPageTest" tests="1" failures="0" timestamp="15 Nov 2019 12:41:32 GMT" time="20.765" errors="0">
  <testcase name="dev2TopicPageLOGOTextTest" time="20.765" classname="com.capability.qa.testcases.Dev2TopicPageTest"/>
</testsuite> <!-- com.capability.qa.testcases.Dev2TopicPageTest -->
