<?xml version="1.0" encoding="UTF-8"?>
<!-- Generated by org.testng.reporters.JUnitReportReporter -->
<testsuite skipped="0" hostname="DESKTOP-KU23G2B" name="com.capability.qa.testcases.DashBoardPageTest" tests="1" failures="0" timestamp="18 Nov 2019 09:24:21 GMT" time="18.055" errors="0">
  <testcase name="dashBoardPageLOGOTextTest" time="18.055" classname="com.capability.qa.testcases.DashBoardPageTest"/>
</testsuite> <!-- com.capability.qa.testcases.DashBoardPageTest -->
