<?xml version="1.0" encoding="UTF-8"?>
<!-- Generated by org.testng.reporters.JUnitReportReporter -->
<testsuite skipped="0" hostname="DESKTOP-KU23G2B" name="com.capability.qa.testcases.DashBoardPageTest" tests="1" failures="0" timestamp="15 Nov 2019 12:41:32 GMT" time="20.680" errors="0">
  <testcase name="dashBoardPageLOGOTextTest" time="20.680" classname="com.capability.qa.testcases.DashBoardPageTest"/>
</testsuite> <!-- com.capability.qa.testcases.DashBoardPageTest -->
