<?xml version="1.0" encoding="UTF-8"?>
<!-- Generated by org.testng.reporters.JUnitReportReporter -->
<testsuite skipped="0" hostname="DESKTOP-KU23G2B" name="com.capability.qa.testcases.WelcomePageTest" tests="2" failures="0" timestamp="15 Nov 2019 06:45:11 GMT" time="34.785" errors="0">
  <testcase name="WelcomePageLOGOTextTest" time="17.708" classname="com.capability.qa.testcases.WelcomePageTest"/>
  <testcase name="WelcomePageTitleTest" time="17.077" classname="com.capability.qa.testcases.WelcomePageTest"/>
</testsuite> <!-- com.capability.qa.testcases.WelcomePageTest -->
