<?xml version="1.0" encoding="UTF-8"?>
<!-- Generated by org.testng.reporters.JUnitReportReporter -->
<testsuite skipped="0" hostname="DESKTOP-KU23G2B" name="com.capability.qa.testcases.LoginPageTest" tests="3" failures="0" timestamp="18 Nov 2019 09:24:21 GMT" time="45.760" errors="0">
  <testcase name="loginPageTest" time="15.276" classname="com.capability.qa.testcases.LoginPageTest"/>
  <testcase name="loginPageLOGOTextTest" time="15.128" classname="com.capability.qa.testcases.LoginPageTest"/>
  <testcase name="loginPageTest" time="15.356" classname="com.capability.qa.testcases.LoginPageTest"/>
</testsuite> <!-- com.capability.qa.testcases.LoginPageTest -->
