<?xml version="1.0" encoding="UTF-8"?>
<!-- Generated by org.testng.reporters.JUnitReportReporter -->
<testsuite skipped="0" hostname="DESKTOP-KU23G2B" name="com.capability.qa.testcases.EditQuestionsPageTest" tests="1" failures="0" timestamp="26 Nov 2019 05:20:43 GMT" time="80.343" errors="0">
  <testcase name="editQuestion" time="80.343" classname="com.capability.qa.testcases.EditQuestionsPageTest"/>
</testsuite> <!-- com.capability.qa.testcases.EditQuestionsPageTest -->
