<?xml version="1.0" encoding="UTF-8"?>
<!-- Generated by org.testng.reporters.JUnitReportReporter -->
<testsuite skipped="0" hostname="DESKTOP-KU23G2B" name="com.capability.qa.testcases.LoginPageTest" tests="3" failures="0" timestamp="15 Nov 2019 12:41:32 GMT" time="61.837" errors="0">
  <testcase name="loginPageTest" time="20.044" classname="com.capability.qa.testcases.LoginPageTest"/>
  <testcase name="loginPageLOGOTextTest" time="21.770" classname="com.capability.qa.testcases.LoginPageTest"/>
  <testcase name="loginPageTest" time="20.023" classname="com.capability.qa.testcases.LoginPageTest"/>
</testsuite> <!-- com.capability.qa.testcases.LoginPageTest -->
